<?xml version="1.0" encoding="UTF-8"?>
<!-- Generated by org.testng.reporters.JUnitReportReporter -->
<testsuite hostname="Sarvesh" failures="0" tests="1" name="TestNG.Sample2" time="3.499" errors="0" timestamp="2024-02-26T14:38:16 IST" skipped="0">
  <testcase classname="TestNG.Sample2" name="Tescase2" time="3.499"/>
  <system-out/>
</testsuite> <!-- TestNG.Sample2 -->
