<?xml version="1.0" encoding="UTF-8"?>
<!-- Generated by org.testng.reporters.JUnitReportReporter -->
<testsuite hostname="Sarvesh" failures="0" tests="2" name="TestNG.Demo3" time="1.253" errors="0" timestamp="2024-02-26T14:01:50 IST" skipped="0">
  <testcase classname="TestNG.Demo3" name="configLogin1" time="0.027"/>
  <system-out/>
  <testcase classname="TestNG.Demo3" name="configLogin" time="1.226"/>
  <system-out/>
</testsuite> <!-- TestNG.Demo3 -->
