<?xml version="1.0" encoding="UTF-8"?>
<!-- Generated by org.testng.reporters.JUnitReportReporter -->
<testsuite hostname="Sarvesh" failures="0" tests="2" name="TestNG.Listner_skip_Tc" time="5.999" errors="0" timestamp="2024-02-27T11:38:13 IST" skipped="1">
  <testcase classname="TestNG.Listner_skip_Tc" name="testcasepositive" time="5.999"/>
  <system-out/>
  <testcase classname="TestNG.Listner_skip_Tc" name="tocheckenabled">
    <skipped/>
  </testcase> <!-- tocheckenabled -->
  <system-out/>
</testsuite> <!-- TestNG.Listner_skip_Tc -->
