<?xml version="1.0" encoding="UTF-8"?>
<!-- Generated by org.testng.reporters.JUnitReportReporter -->
<testsuite hostname="Sarvesh" failures="0" tests="1" name="TestNG.Demo2" time="0.000" errors="0" timestamp="2024-02-26T14:01:10 IST" skipped="1">
  <testcase classname="TestNG.Demo2" name="f" time="0.000">
    <skipped/>
  </testcase> <!-- f -->
  <system-out/>
</testsuite> <!-- TestNG.Demo2 -->
