<?xml version="1.0" encoding="UTF-8"?>
<!-- Generated by org.testng.reporters.JUnitReportReporter -->
<testsuite hostname="Sarvesh" failures="0" tests="1" name="TestNG.Listner_Checkpass_TC" time="6.537" errors="0" timestamp="2024-02-27T11:45:31 IST" skipped="0">
  <testcase classname="TestNG.Listner_Checkpass_TC" name="checkpasstestcase" time="6.537"/>
  <system-out/>
</testsuite> <!-- TestNG.Listner_Checkpass_TC -->
