<?xml version="1.0" encoding="UTF-8"?>
<!-- Generated by org.testng.reporters.JUnitReportReporter -->
<testsuite hostname="Sarvesh" failures="0" tests="3" name="TestNG.dependency_check" time="0.012" errors="0" timestamp="2024-02-26T14:35:41 IST" skipped="0">
  <testcase classname="TestNG.dependency_check" name="test2" time="0.002"/>
  <system-out/>
  <testcase classname="TestNG.dependency_check" name="test3" time="0.010"/>
  <system-out/>
  <testcase classname="TestNG.dependency_check" name="test1" time="0.000"/>
  <system-out/>
</testsuite> <!-- TestNG.dependency_check -->
