<?xml version="1.0" encoding="UTF-8"?>
<!-- Generated by org.testng.reporters.JUnitReportReporter -->
<testsuite hostname="Sarvesh" failures="0" tests="3" name="TestNG.enable_check" time="0.012" errors="0" timestamp="2024-02-26T14:32:52 IST" skipped="1">
  <testcase classname="TestNG.enable_check" name="test3" time="0.000"/>
  <system-out/>
  <testcase classname="TestNG.enable_check" name="test1" time="0.012"/>
  <system-out/>
  <testcase classname="TestNG.enable_check" name="test2">
    <skipped/>
  </testcase> <!-- test2 -->
  <system-out/>
</testsuite> <!-- TestNG.enable_check -->
