<?xml version="1.0" encoding="UTF-8"?>
<!-- Generated by org.testng.reporters.JUnitReportReporter -->
<testsuite hostname="Sarvesh" failures="0" tests="1" name="TestNG.softassert_eg" time="6.215" errors="0" timestamp="2024-02-28T11:26:45 IST" skipped="0">
  <testcase classname="TestNG.softassert_eg" name="testassert" time="6.215"/>
  <system-out/>
</testsuite> <!-- TestNG.softassert_eg -->
