<?xml version="1.0" encoding="UTF-8"?>
<!-- Generated by org.testng.reporters.JUnitReportReporter -->
<testsuite hostname="Sarvesh" failures="0" tests="2" name="TestNG.Parllel_execution" time="7.510" errors="0" timestamp="2024-02-26T16:37:55 IST" skipped="0">
  <testcase classname="TestNG.Parllel_execution" name="invokechrome" time="2.615"/>
  <system-out/>
  <testcase classname="TestNG.Parllel_execution" name="invokeedge" time="4.895"/>
  <system-out/>
</testsuite> <!-- TestNG.Parllel_execution -->
