<?xml version="1.0" encoding="UTF-8"?>
<!-- Generated by org.testng.reporters.JUnitReportReporter -->
<testsuite hostname="Sarvesh" failures="0" tests="1" name="TestNG.parameterised_test" time="5.309" errors="0" timestamp="2024-02-26T17:13:45 IST" skipped="0">
  <testcase classname="TestNG.parameterised_test" name="parameterised" time="5.309"/>
  <system-out/>
</testsuite> <!-- TestNG.parameterised_test -->
