<?xml version="1.0" encoding="UTF-8"?>
<!-- Generated by org.testng.reporters.JUnitReportReporter -->
<testsuite hostname="Sarvesh" failures="0" tests="3" name="TestNG.Priority_Check" time="0.010" errors="0" timestamp="2024-02-26T14:37:50 IST" skipped="0">
  <testcase classname="TestNG.Priority_Check" name="test2" time="0.008"/>
  <system-out/>
  <testcase classname="TestNG.Priority_Check" name="test1" time="0.002"/>
  <system-out/>
  <testcase classname="TestNG.Priority_Check" name="test3" time="0.000"/>
  <system-out/>
</testsuite> <!-- TestNG.Priority_Check -->
