<?xml version="1.0" encoding="UTF-8"?>
<!-- Generated by org.testng.reporters.JUnitReportReporter -->
<testsuite hostname="Sarvesh" failures="0" tests="2" name="TestNG.Grouping_testcase" time="0.010" errors="0" timestamp="2024-02-26T15:15:29 IST" skipped="0">
  <testcase classname="TestNG.Grouping_testcase" name="PaymentGetway" time="0.001"/>
  <system-out/>
  <testcase classname="TestNG.Grouping_testcase" name="AddTocart" time="0.009"/>
  <system-out/>
</testsuite> <!-- TestNG.Grouping_testcase -->
