<?xml version="1.0" encoding="UTF-8"?>
<!-- Generated by org.testng.reporters.JUnitReportReporter -->
<testsuite hostname="Sarvesh" failures="0" tests="1" name="TestNG.listner_failed_TC" time="4.316" errors="0" timestamp="2024-02-27T11:47:36 IST" skipped="0">
  <testcase classname="TestNG.listner_failed_TC" name="toCheckFailedtc_listner" time="4.316"/>
  <system-out/>
</testsuite> <!-- TestNG.listner_failed_TC -->
