<?xml version="1.0" encoding="UTF-8"?>
<!-- Generated by org.testng.reporters.JUnitReportReporter -->
<testsuite hostname="Sarvesh" failures="0" tests="1" name="TestNG.Sampl1" time="1.984" errors="0" timestamp="2024-02-28T10:53:55 IST" skipped="0">
  <testcase classname="TestNG.Sampl1" name="testcase1" time="1.984"/>
  <system-out/>
</testsuite> <!-- TestNG.Sampl1 -->
